Determining if the pthread_create exist failed with the following output:
Change Dir: /home/youngdong/ROS/MPC/build/CMakeFiles/CMakeTmp

Run Build Command:"/usr/bin/make" "cmTryCompileExec228355482/fast"
/usr/bin/make -f CMakeFiles/cmTryCompileExec228355482.dir/build.make CMakeFiles/cmTryCompileExec228355482.dir/build
make[1]: Entering directory `/home/youngdong/ROS/MPC/build/CMakeFiles/CMakeTmp'
/usr/bin/cmake -E cmake_progress_report /home/youngdong/ROS/MPC/build/CMakeFiles/CMakeTmp/CMakeFiles 1
Building C object CMakeFiles/cmTryCompileExec228355482.dir/CheckSymbolExists.c.o
/usr/bin/cc    -o CMakeFiles/cmTryCompileExec228355482.dir/CheckSymbolExists.c.o   -c /home/youngdong/ROS/MPC/build/CMakeFiles/CMakeTmp/CheckSymbolExists.c
Linking C executable cmTryCompileExec228355482
/usr/bin/cmake -E cmake_link_script CMakeFiles/cmTryCompileExec228355482.dir/link.txt --verbose=1
/usr/bin/cc       CMakeFiles/cmTryCompileExec228355482.dir/CheckSymbolExists.c.o  -o cmTryCompileExec228355482 -rdynamic 
CMakeFiles/cmTryCompileExec228355482.dir/CheckSymbolExists.c.o: In function `main':
CheckSymbolExists.c:(.text+0x16): undefined reference to `pthread_create'
collect2: error: ld returned 1 exit status
make[1]: Leaving directory `/home/youngdong/ROS/MPC/build/CMakeFiles/CMakeTmp'
make[1]: *** [cmTryCompileExec228355482] Error 1
make: *** [cmTryCompileExec228355482/fast] Error 2

File /home/youngdong/ROS/MPC/build/CMakeFiles/CMakeTmp/CheckSymbolExists.c:
/* */
#include <pthread.h>

int main(int argc, char** argv)
{
  (void)argv;
#ifndef pthread_create
  return ((int*)(&pthread_create))[argc];
#else
  (void)argc;
  return 0;
#endif
}

Determining if the function pthread_create exists in the pthreads failed with the following output:
Change Dir: /home/youngdong/ROS/MPC/build/CMakeFiles/CMakeTmp

Run Build Command:"/usr/bin/make" "cmTryCompileExec3713981541/fast"
/usr/bin/make -f CMakeFiles/cmTryCompileExec3713981541.dir/build.make CMakeFiles/cmTryCompileExec3713981541.dir/build
make[1]: Entering directory `/home/youngdong/ROS/MPC/build/CMakeFiles/CMakeTmp'
/usr/bin/cmake -E cmake_progress_report /home/youngdong/ROS/MPC/build/CMakeFiles/CMakeTmp/CMakeFiles 1
Building C object CMakeFiles/cmTryCompileExec3713981541.dir/CheckFunctionExists.c.o
/usr/bin/cc   -DCHECK_FUNCTION_EXISTS=pthread_create   -o CMakeFiles/cmTryCompileExec3713981541.dir/CheckFunctionExists.c.o   -c /usr/share/cmake-3.2/Modules/CheckFunctionExists.c
Linking C executable cmTryCompileExec3713981541
/usr/bin/cmake -E cmake_link_script CMakeFiles/cmTryCompileExec3713981541.dir/link.txt --verbose=1
/usr/bin/cc   -DCHECK_FUNCTION_EXISTS=pthread_create    CMakeFiles/cmTryCompileExec3713981541.dir/CheckFunctionExists.c.o  -o cmTryCompileExec3713981541 -rdynamic -lpthreads 
/usr/bin/ld: cannot find -lpthreads
collect2: error: ld returned 1 exit status
make[1]: Leaving directory `/home/youngdong/ROS/MPC/build/CMakeFiles/CMakeTmp'
make[1]: *** [cmTryCompileExec3713981541] Error 1
make: *** [cmTryCompileExec3713981541/fast] Error 2


